2024-01-05 22:11:19,059 INFO o.s.b.StartupInfoLogger [restartedMain] Starting LibraryManagementApplication using Java 20 with PID 15432 (C:\Users\datdo\IdeaProjects\library-management\target\classes started by Dat_Do in C:\Users\datdo\IdeaProjects\library-management)
2024-01-05 22:11:19,086 INFO o.s.b.SpringApplication [restartedMain] No active profile set, falling back to 1 default profile: "default"
2024-01-05 22:11:19,213 INFO o.s.b.l.DeferredLog [restartedMain] Devtools property defaults active! Set 'spring.devtools.add-properties' to 'false' to disable
2024-01-05 22:11:19,214 INFO o.s.b.l.DeferredLog [restartedMain] For additional web related logging consider setting the 'logging.level.web' property to 'DEBUG'
2024-01-05 22:11:20,335 INFO o.s.d.r.c.RepositoryConfigurationDelegate [restartedMain] Bootstrapping Spring Data JPA repositories in DEFAULT mode.
2024-01-05 22:11:20,372 INFO o.s.d.r.c.RepositoryConfigurationDelegate [restartedMain] Finished Spring Data repository scanning in 22 ms. Found 0 JPA repository interfaces.
2024-01-05 22:11:21,366 INFO o.s.b.w.e.t.TomcatWebServer [restartedMain] Tomcat initialized with port 8080 (http)
2024-01-05 22:11:21,390 INFO o.a.j.l.DirectJDKLog [restartedMain] Initializing ProtocolHandler ["http-nio-8080"]
2024-01-05 22:11:21,394 INFO o.a.j.l.DirectJDKLog [restartedMain] Starting service [Tomcat]
2024-01-05 22:11:21,394 INFO o.a.j.l.DirectJDKLog [restartedMain] Starting Servlet engine: [Apache Tomcat/10.1.17]
2024-01-05 22:11:21,465 INFO o.a.j.l.DirectJDKLog [restartedMain] Initializing Spring embedded WebApplicationContext
2024-01-05 22:11:21,469 INFO o.s.b.w.s.c.ServletWebServerApplicationContext [restartedMain] Root WebApplicationContext: initialization completed in 2251 ms
2024-01-05 22:11:21,848 INFO o.h.j.i.u.LogHelper [restartedMain] HHH000204: Processing PersistenceUnitInfo [name: default]
2024-01-05 22:11:22,000 INFO o.h.Version [restartedMain] HHH000412: Hibernate ORM core version 6.4.1.Final
2024-01-05 22:11:22,076 INFO o.h.c.i.RegionFactoryInitiator [restartedMain] HHH000026: Second-level cache disabled
2024-01-05 22:11:22,562 INFO o.s.o.j.p.SpringPersistenceUnitInfo [restartedMain] No LoadTimeWeaver setup: ignoring JPA class transformer
2024-01-05 22:11:22,622 INFO c.z.h.HikariDataSource [restartedMain] HikariPool-1 - Starting...
2024-01-05 22:11:23,300 INFO c.z.h.p.HikariPool [restartedMain] HikariPool-1 - Added connection com.mysql.cj.jdbc.ConnectionImpl@6d72306b
2024-01-05 22:11:23,304 INFO c.z.h.HikariDataSource [restartedMain] HikariPool-1 - Start completed.
2024-01-05 22:11:24,140 INFO o.h.e.t.j.p.i.JtaPlatformInitiator [restartedMain] HHH000489: No JTA platform available (set 'hibernate.transaction.jta.platform' to enable JTA platform integration)
2024-01-05 22:11:24,148 INFO o.s.o.j.AbstractEntityManagerFactoryBean [restartedMain] Initialized JPA EntityManagerFactory for persistence unit 'default'
2024-01-05 22:11:24,264 WARN o.s.b.a.o.j.JpaBaseConfiguration$JpaWebConfiguration [restartedMain] spring.jpa.open-in-view is enabled by default. Therefore, database queries may be performed during view rendering. Explicitly configure spring.jpa.open-in-view to disable this warning
2024-01-05 22:11:25,087 INFO o.s.b.d.a.OptionalLiveReloadServer [restartedMain] LiveReload server is running on port 35729
2024-01-05 22:11:25,121 INFO o.a.j.l.DirectJDKLog [restartedMain] Starting ProtocolHandler ["http-nio-8080"]
2024-01-05 22:11:25,164 INFO o.s.b.w.e.t.TomcatWebServer [restartedMain] Tomcat started on port 8080 (http) with context path ''
2024-01-05 22:11:25,188 INFO o.s.b.StartupInfoLogger [restartedMain] Started LibraryManagementApplication in 6.912 seconds (process running for 8.966)
2024-01-05 22:11:34,286 INFO o.s.o.j.AbstractEntityManagerFactoryBean [SpringApplicationShutdownHook] Closing JPA EntityManagerFactory for persistence unit 'default'
2024-01-05 22:11:34,291 INFO c.z.h.HikariDataSource [SpringApplicationShutdownHook] HikariPool-1 - Shutdown initiated...
2024-01-05 22:11:34,300 INFO c.z.h.HikariDataSource [SpringApplicationShutdownHook] HikariPool-1 - Shutdown completed.
